/*C2*/SET SCHEMA PUBLIC
CONNECT USER SA
drop table ContasParaPagar 
CREATE TABLE ContasParaPagar (\u000a    id varchar(255),\u000a    descricao varchar(255),\u000a    valor varchar(255),\u000a    vencimento varchar(255)\u000a)
/*C3*/SET SCHEMA PUBLIC
CONNECT USER SA
INSERT INTO CONTASPARAPAGAR VALUES('1','Aluguel sala','375,50','12/12/2017')
DISCONNECT
/*C4*/SET SCHEMA PUBLIC
CONNECT USER SA
INSERT INTO CLIENTES VALUES('2','20/04/1995','Rua Joaquim Nabuco, 55','(48)3-4334-8767','(48)3-4334-8767','(48)3-4334-8767')
DISCONNECT
/*C5*/SET SCHEMA PUBLIC
CONNECT USER SA
DELETE FROM CLIENTES WHERE ID='2' AND NOME='20/04/1995' AND NASCIMENTO='Rua Joaquim Nabuco, 55' AND CPF='(48)3-4334-8767' AND ENDERECO='(48)3-4334-8767' AND TELEFONE='(48)3-4334-8767'
DISCONNECT
/*C6*/SET SCHEMA PUBLIC
CONNECT USER SA
INSERT INTO CONTASPARAPAGAR VALUES('2','Conta de telefone','750,00','10/10/2017')
DISCONNECT
/*C7*/SET SCHEMA PUBLIC
CONNECT USER SA
INSERT INTO CONTASPARAPAGAR VALUES('2','','','  /  /    ')
DISCONNECT
/*C8*/SET SCHEMA PUBLIC
CONNECT USER SA
DELETE FROM CONTASPARAPAGAR WHERE ID='2' AND DESCRICAO='Conta de telefone' AND VALOR='750,00' AND VENCIMENTO='10/10/2017'
DELETE FROM CONTASPARAPAGAR WHERE ID='2' AND DESCRICAO='' AND VALOR='' AND VENCIMENTO='  /  /    '
DISCONNECT
